2025-08-09 18:02:32,388 - scrapbook_api_main - ERROR - internal_error_handler:681 - Internal server error: 500 Internal Server Error: The server encountered an internal error and was unable to complete your request. Either the server is overloaded or there is an error in the application.
2025-08-09 18:06:11,051 - scrapbook_api_main - ERROR - internal_error_handler:681 - Internal server error: 500 Internal Server Error: The server encountered an internal error and was unable to complete your request. Either the server is overloaded or there is an error in the application.
2025-08-09 18:13:28,661 - scrapbook_api_main - INFO - decorated_function:164 - API Request processed
2025-08-09 18:15:05,732 - scrapbook_api_main - ERROR - internal_error_handler:688 - Internal server error: 500 Internal Server Error: The server encountered an internal error and was unable to complete your request. Either the server is overloaded or there is an error in the application.
2025-08-09 18:18:05,168 - scrapbook_api_main - ERROR - internal_error_handler:688 - Internal server error: 500 Internal Server Error: The server encountered an internal error and was unable to complete your request. Either the server is overloaded or there is an error in the application.
2025-08-09 18:25:39,342 - scrapbook_api_main - ERROR - get_books:252 - Error fetching books: 'ScraperConfig' object has no attribute 'DATA_CSV_DIR'
2025-08-09 18:25:39,345 - scrapbook_api_main - INFO - decorated_function:164 - API Request processed
2025-08-09 18:26:05,312 - scrapbook_api_main - ERROR - get_books:252 - Error fetching books: 'ScraperConfig' object has no attribute 'DATA_CSV_DIR'
2025-08-09 18:26:05,314 - scrapbook_api_main - INFO - decorated_function:164 - API Request processed
2025-08-09 18:29:29,869 - scrapbook_api_main - INFO - decorated_function:164 - API Request processed
2025-08-09 18:29:41,415 - scrapbook_api_main - INFO - decorated_function:164 - API Request processed
2025-08-09 18:29:42,324 - scrapbook_api_main - INFO - decorated_function:164 - API Request processed
2025-08-09 18:31:33,690 - scrapbook_api_main - INFO - decorated_function:164 - API Request processed
2025-08-09 18:31:57,499 - scrapbook_api_main - INFO - decorated_function:164 - API Request processed
2025-08-09 18:32:50,330 - scrapbook_api_main - INFO - decorated_function:164 - API Request processed
2025-08-09 18:33:16,705 - scrapbook_api_main - INFO - decorated_function:164 - API Request processed
2025-08-09 18:34:34,542 - scrapbook_api_main - INFO - decorated_function:164 - API Request processed
2025-08-09 18:35:03,169 - scrapbook_api_main - INFO - decorated_function:164 - API Request processed
2025-08-09 18:35:13,862 - scrapbook_api_main - INFO - decorated_function:164 - API Request processed
2025-08-09 18:35:28,019 - scrapbook_api_main - INFO - decorated_function:164 - API Request processed
2025-08-09 18:37:24,049 - scrapbook_api_main - ERROR - get_books:252 - Error fetching books: 'ScraperConfig' object has no attribute 'DATA_CSV_DIR'
2025-08-09 18:37:24,056 - scrapbook_api_main - INFO - decorated_function:164 - API Request processed
2025-08-09 18:38:14,366 - scrapbook_api_main - ERROR - get_books:252 - Error fetching books: 'ScraperConfig' object has no attribute 'DATA_CSV_DIR'
2025-08-09 18:38:14,367 - scrapbook_api_main - INFO - decorated_function:164 - API Request processed
2025-08-09 18:39:40,082 - scrapbook_api_main - ERROR - get_books:252 - Error fetching books: 'ScraperConfig' object has no attribute 'DATA_CSV_DIR'
2025-08-09 18:39:40,084 - scrapbook_api_main - INFO - decorated_function:164 - API Request processed
2025-08-09 18:41:37,630 - scrapbook_api_main - INFO - decorated_function:164 - API Request processed
2025-08-09 18:41:50,228 - scrapbook_api_main - INFO - decorated_function:164 - API Request processed
2025-08-09 18:41:59,024 - scrapbook_api_main - INFO - decorated_function:164 - API Request processed
2025-08-09 18:43:12,931 - scrapbook_api_main - INFO - decorated_function:164 - API Request processed
2025-08-09 18:43:22,090 - scrapbook_api_main - INFO - decorated_function:164 - API Request processed
2025-08-09 18:43:30,035 - scrapbook_api_main - INFO - decorated_function:164 - API Request processed
2025-08-09 18:43:34,436 - scrapbook_api_main - INFO - decorated_function:164 - API Request processed
2025-08-09 18:44:39,371 - scrapbook_api_main - INFO - decorated_function:164 - API Request processed
2025-08-09 18:45:43,355 - scrapbook_api_main - INFO - decorated_function:164 - API Request processed
2025-08-09 18:45:59,114 - scrapbook_api_main - INFO - decorated_function:164 - API Request processed
2025-08-09 18:46:10,682 - scrapbook_api_main - INFO - decorated_function:164 - API Request processed
2025-08-09 18:46:22,003 - scrapbook_api_main - INFO - decorated_function:164 - API Request processed
2025-08-09 18:46:44,598 - scrapbook_api_main - INFO - decorated_function:164 - API Request processed
2025-08-09 18:47:45,394 - scrapbook_api_main - INFO - decorated_function:164 - API Request processed
2025-08-09 18:47:47,921 - scrapbook_api_main - INFO - decorated_function:164 - API Request processed
2025-08-09 18:48:08,638 - scrapbook_api_main - INFO - decorated_function:164 - API Request processed
2025-08-09 18:49:43,265 - scrapbook_api_main - INFO - decorated_function:164 - API Request processed
2025-08-09 18:49:55,872 - scrapbook_api_main - INFO - decorated_function:164 - API Request processed
2025-08-09 18:50:28,031 - scrapbook_api_main - INFO - decorated_function:164 - API Request processed
2025-08-09 18:50:37,227 - scrapbook_api_main - INFO - decorated_function:164 - API Request processed
2025-08-09 18:50:40,947 - scrapbook_api_main - INFO - decorated_function:164 - API Request processed
2025-08-09 18:50:46,949 - scrapbook_api_main - INFO - decorated_function:164 - API Request processed
2025-08-09 18:51:27,140 - scrapbook_api_main - INFO - decorated_function:164 - API Request processed
2025-08-09 18:51:44,065 - scrapbook_api_main - INFO - decorated_function:164 - API Request processed
2025-08-09 18:51:49,606 - scrapbook_api_main - INFO - decorated_function:164 - API Request processed
2025-08-09 18:51:53,851 - scrapbook_api_main - INFO - decorated_function:164 - API Request processed
2025-08-09 18:52:02,439 - scrapbook_api_main - INFO - decorated_function:164 - API Request processed
2025-08-09 18:52:09,551 - scrapbook_api_main - INFO - decorated_function:164 - API Request processed
2025-08-09 18:57:47,652 - scrapbook_api_main - ERROR - get_books_by_price_range:447 - Error fetching books by price range: invalid literal for int() with base 10: ''
2025-08-09 18:57:47,655 - scrapbook_api_main - INFO - decorated_function:164 - API Request processed
2025-08-09 18:57:59,214 - scrapbook_api_main - INFO - decorated_function:164 - API Request processed
2025-08-09 18:59:47,636 - scrapbook_api_main - INFO - decorated_function:164 - API Request processed
2025-08-09 18:59:55,396 - scrapbook_api_main - INFO - decorated_function:164 - API Request processed
2025-08-09 19:00:20,865 - scrapbook_api_main - INFO - decorated_function:164 - API Request processed
2025-08-09 19:01:17,821 - scrapbook_api_main - INFO - decorated_function:164 - API Request processed
2025-08-09 19:01:55,984 - scrapbook_api_main - INFO - decorated_function:164 - API Request processed
2025-08-09 19:02:47,002 - scrapbook_api_main - INFO - decorated_function:164 - API Request processed
2025-08-09 19:02:59,962 - scrapbook_api_main - INFO - decorated_function:164 - API Request processed
2025-08-09 19:05:51,483 - scrapbook_api_main - INFO - decorated_function:164 - API Request processed
2025-08-09 19:06:20,616 - scrapbook_api_main - INFO - decorated_function:164 - API Request processed
2025-08-09 19:06:54,416 - scrapbook_api_main - INFO - decorated_function:164 - API Request processed
2025-08-09 19:07:08,600 - scrapbook_api_main - INFO - decorated_function:164 - API Request processed
2025-08-09 19:07:14,221 - scrapbook_api_main - INFO - decorated_function:164 - API Request processed
2025-08-09 19:07:18,692 - scrapbook_api_main - INFO - decorated_function:164 - API Request processed
2025-08-09 19:07:22,019 - scrapbook_api_main - INFO - decorated_function:164 - API Request processed
2025-08-09 19:07:42,527 - scrapbook_api_main - INFO - decorated_function:164 - API Request processed
2025-08-09 19:08:45,751 - scrapbook_api_main - INFO - decorated_function:164 - API Request processed
2025-08-09 19:09:39,579 - scrapbook_api_main - INFO - decorated_function:164 - API Request processed
2025-08-09 19:09:53,154 - scrapbook_api_main - INFO - decorated_function:164 - API Request processed
2025-08-09 19:10:32,506 - scrapbook_api_main - INFO - decorated_function:164 - API Request processed
2025-08-09 19:10:46,557 - scrapbook_api_main - INFO - decorated_function:164 - API Request processed
2025-08-09 23:51:50,852 - scrapbook_api_main - INFO - decorated_function:164 - API Request processed
2025-08-09 23:52:17,767 - scrapbook_api_main - INFO - decorated_function:164 - API Request processed
2025-08-10 00:38:05,048 - scrapbook_api_main - INFO - decorated_function:160 - API Request processed
2025-08-10 00:54:14,631 - scrapbook_api_main - INFO - decorated_function:161 - API Request processed
2025-08-10 00:56:12,774 - scrapbook_api_main - ERROR - login:498 - Login error: 415 Unsupported Media Type: Did not attempt to load JSON data because the request Content-Type was not 'application/json'.
2025-08-10 00:56:12,782 - scrapbook_api_main - INFO - decorated_function:161 - API Request processed
2025-08-10 00:56:44,837 - scrapbook_api_main - ERROR - login:498 - Login error: 415 Unsupported Media Type: Did not attempt to load JSON data because the request Content-Type was not 'application/json'.
2025-08-10 00:56:44,841 - scrapbook_api_main - INFO - decorated_function:161 - API Request processed
2025-08-10 00:56:54,084 - scrapbook_api_main - ERROR - login:498 - Login error: 415 Unsupported Media Type: Did not attempt to load JSON data because the request Content-Type was not 'application/json'.
2025-08-10 00:56:54,086 - scrapbook_api_main - INFO - decorated_function:161 - API Request processed
2025-08-10 00:58:08,007 - scrapbook_api_main - INFO - decorated_function:161 - API Request processed
2025-08-10 00:59:18,971 - scrapbook_api_main - INFO - decorated_function:161 - API Request processed
2025-08-10 00:59:35,556 - scrapbook_api_main - INFO - decorated_function:161 - API Request processed
2025-08-10 00:59:49,455 - scrapbook_api_main - INFO - decorated_function:161 - API Request processed
2025-08-10 01:02:24,167 - scrapbook_api_main - INFO - decorated_function:161 - API Request processed
2025-08-10 01:03:26,211 - scrapbook_api_main - INFO - decorated_function:161 - API Request processed
2025-08-10 01:04:04,095 - scrapbook_api_main - INFO - decorated_function:161 - API Request processed
2025-08-10 01:06:05,351 - scrapbook_api_main - INFO - decorated_function:161 - API Request processed
2025-08-10 01:07:04,753 - scrapbook_api_main - INFO - decorated_function:161 - API Request processed
2025-08-10 01:08:06,317 - scrapbook_api_main - INFO - decorated_function:161 - API Request processed
2025-08-10 01:08:40,081 - scrapbook_api_main - INFO - decorated_function:161 - API Request processed
2025-08-10 01:08:50,645 - scrapbook_api_main - INFO - decorated_function:161 - API Request processed
2025-08-10 01:16:20,804 - scrapbook_api_main - INFO - decorated_function:161 - API Request processed
2025-08-10 01:18:16,715 - scrapbook_api_main - INFO - decorated_function:161 - API Request processed
2025-08-10 01:24:47,451 - scrapbook_api_main - INFO - decorated_function:168 - API Request processed
2025-08-10 01:41:47,727 - scrapbook_api_main - INFO - decorated_function:168 - API Request processed
2025-08-10 01:41:56,139 - scrapbook_api_main - INFO - decorated_function:168 - API Request processed
2025-08-10 01:42:00,252 - scrapbook_api_main - INFO - decorated_function:168 - API Request processed
2025-08-10 01:42:03,263 - scrapbook_api_main - INFO - decorated_function:168 - API Request processed
2025-08-10 01:42:07,908 - scrapbook_api_main - INFO - decorated_function:168 - API Request processed
2025-08-10 01:42:12,601 - scrapbook_api_main - INFO - decorated_function:168 - API Request processed
2025-08-10 01:42:16,548 - scrapbook_api_main - INFO - decorated_function:168 - API Request processed
2025-08-10 01:42:35,367 - scrapbook_api_main - INFO - decorated_function:168 - API Request processed
2025-08-10 01:42:40,263 - scrapbook_api_main - INFO - decorated_function:168 - API Request processed
2025-08-10 01:42:46,548 - scrapbook_api_main - INFO - decorated_function:168 - API Request processed
2025-08-10 01:43:19,220 - scrapbook_api_main - INFO - decorated_function:168 - API Request processed
2025-08-10 01:43:52,523 - scrapbook_api_main - INFO - decorated_function:168 - API Request processed
2025-08-10 01:44:12,566 - scrapbook_api_main - INFO - decorated_function:168 - API Request processed
2025-08-10 01:44:58,389 - scrapbook_api_main - INFO - decorated_function:168 - API Request processed
2025-08-10 01:44:58,390 - scrapbook_api_main - INFO - run_scraping_task:943 - Starting scraping job scraping_job_20250810_014458 by user admin
2025-08-10 01:45:16,434 - scrapbook_api_main - INFO - decorated_function:168 - API Request processed
2025-08-10 01:45:26,449 - scrapbook_api_main - INFO - decorated_function:168 - API Request processed
2025-08-10 01:46:15,363 - scrapbook_api_main - INFO - decorated_function:168 - API Request processed
2025-08-10 01:46:17,537 - scrapbook_api_main - INFO - decorated_function:168 - API Request processed
2025-08-10 01:46:25,648 - scrapbook_api_main - INFO - decorated_function:168 - API Request processed
2025-08-10 01:48:06,890 - scrapbook_api_main - INFO - decorated_function:168 - API Request processed
2025-08-10 01:49:56,115 - scrapbook_api_main - INFO - decorated_function:168 - API Request processed
2025-08-10 02:09:03,747 - scrapbook_api_main - INFO - run_scraping_task:968 - Scraping job scraping_job_20250810_014458 completed successfully
2025-08-10 02:09:16,420 - scrapbook_api_main - INFO - decorated_function:168 - API Request processed
2025-08-10 02:09:34,283 - scrapbook_api_main - INFO - decorated_function:168 - API Request processed
2025-08-10 02:17:24,728 - scrapbook_api_main - INFO - decorated_function:168 - API Request processed
2025-08-10 02:17:36,826 - scrapbook_api_main - INFO - decorated_function:168 - API Request processed
2025-08-10 02:17:36,827 - scrapbook_api_main - INFO - run_scraping_task:943 - Starting scraping job scraping_job_20250810_021736 by user admin
2025-08-10 02:20:46,592 - scrapbook_api_main - INFO - decorated_function:168 - API Request processed
2025-08-10 02:20:58,437 - scrapbook_api_main - INFO - decorated_function:168 - API Request processed
2025-08-10 02:41:44,276 - scrapbook_api_main - INFO - run_scraping_task:968 - Scraping job scraping_job_20250810_021736 completed successfully
