2025-08-10 01:44:58,393 - scrapbook_main_scraper - INFO - run_full_scraping_pipeline:295 - === Starting Full Scraping Pipeline ===
2025-08-10 01:44:58,395 - scrapbook_main_scraper - INFO - run_full_scraping_pipeline:310 - Step 1/3: Scraping categories...
2025-08-10 01:44:58,395 - scrapbook_main_scraper - INFO - scrape_all_categories:64 - === Starting Category Scraping ===
2025-08-10 01:46:07,922 - scrapbook_main_scraper - INFO - scrape_all_categories:101 - Category data saved to categories_20250810_014607.csv, categories_validated_20250810_014607.csv, category_stats_20250810_014607.json
2025-08-10 01:46:07,925 - scrapbook_main_scraper - INFO - scrape_all_categories:103 - === Category Scraping Completed ===
2025-08-10 01:46:07,926 - scrapbook_main_scraper - INFO - run_full_scraping_pipeline:318 - Step 2/3: Scraping books...
2025-08-10 01:46:07,927 - scrapbook_main_scraper - INFO - scrape_all_books:121 - === Starting Complete Book Scraping ===
2025-08-10 01:46:07,927 - scrapbook_main_scraper - INFO - scrape_all_books:122 - Extract full details: True
2025-08-10 01:46:07,927 - scrapbook_main_scraper - INFO - scrape_all_books:123 - Max pages: 1000
2025-08-10 02:08:53,156 - scrapbook_main_scraper - INFO - scrape_all_books:139 - Book data saved to books_detailed_20250810_020853.csv
2025-08-10 02:08:53,163 - scrapbook_main_scraper - INFO - scrape_all_books:141 - === Complete Book Scraping Completed ===
2025-08-10 02:08:53,163 - scrapbook_main_scraper - INFO - run_full_scraping_pipeline:330 - Step 3/3: Generating report...
2025-08-10 02:08:53,164 - scrapbook_main_scraper - INFO - generate_comprehensive_report:207 - === Generating Comprehensive Report ===
2025-08-10 02:08:53,164 - scrapbook_main_scraper - INFO - generate_comprehensive_report:216 - Analyzing categories...
2025-08-10 02:08:55,342 - scrapbook_main_scraper - INFO - generate_comprehensive_report:227 - Sampling category details...
2025-08-10 02:09:02,297 - scrapbook_main_scraper - INFO - generate_comprehensive_report:240 - Sampling books from first page...
2025-08-10 02:09:03,724 - scrapbook_main_scraper - INFO - generate_comprehensive_report:273 - Comprehensive report saved to comprehensive_report_20250810_020903.json
2025-08-10 02:09:03,725 - scrapbook_main_scraper - INFO - generate_comprehensive_report:279 - === Comprehensive Report Completed ===
2025-08-10 02:09:03,747 - scrapbook_main_scraper - INFO - run_full_scraping_pipeline:350 - Pipeline results saved to pipeline_results_20250810_014458.json
2025-08-10 02:09:03,747 - scrapbook_main_scraper - INFO - run_full_scraping_pipeline:351 - === Full Pipeline Completed Successfully in 1445.33 seconds ===
2025-08-10 02:17:36,830 - scrapbook_main_scraper - INFO - run_full_scraping_pipeline:295 - === Starting Full Scraping Pipeline ===
2025-08-10 02:17:36,831 - scrapbook_main_scraper - INFO - run_full_scraping_pipeline:310 - Step 1/3: Scraping categories...
2025-08-10 02:17:36,831 - scrapbook_main_scraper - INFO - scrape_all_categories:64 - === Starting Category Scraping ===
2025-08-10 02:18:45,842 - scrapbook_main_scraper - INFO - scrape_all_categories:101 - Category data saved to categories_20250810_021845.csv, categories_validated_20250810_021845.csv, category_stats_20250810_021845.json
2025-08-10 02:18:45,844 - scrapbook_main_scraper - INFO - scrape_all_categories:103 - === Category Scraping Completed ===
2025-08-10 02:18:45,844 - scrapbook_main_scraper - INFO - run_full_scraping_pipeline:318 - Step 2/3: Scraping books...
2025-08-10 02:18:45,844 - scrapbook_main_scraper - INFO - scrape_all_books:121 - === Starting Complete Book Scraping ===
2025-08-10 02:18:45,845 - scrapbook_main_scraper - INFO - scrape_all_books:122 - Extract full details: True
2025-08-10 02:18:45,845 - scrapbook_main_scraper - INFO - scrape_all_books:123 - Max pages: 1000
2025-08-10 02:41:33,756 - scrapbook_main_scraper - INFO - scrape_all_books:139 - Book data saved to books_detailed_20250810_024133.csv
2025-08-10 02:41:33,763 - scrapbook_main_scraper - INFO - scrape_all_books:141 - === Complete Book Scraping Completed ===
2025-08-10 02:41:33,763 - scrapbook_main_scraper - INFO - run_full_scraping_pipeline:330 - Step 3/3: Generating report...
2025-08-10 02:41:33,764 - scrapbook_main_scraper - INFO - generate_comprehensive_report:207 - === Generating Comprehensive Report ===
2025-08-10 02:41:33,764 - scrapbook_main_scraper - INFO - generate_comprehensive_report:216 - Analyzing categories...
2025-08-10 02:41:35,669 - scrapbook_main_scraper - INFO - generate_comprehensive_report:227 - Sampling category details...
2025-08-10 02:41:42,820 - scrapbook_main_scraper - INFO - generate_comprehensive_report:240 - Sampling books from first page...
2025-08-10 02:41:44,255 - scrapbook_main_scraper - INFO - generate_comprehensive_report:273 - Comprehensive report saved to comprehensive_report_20250810_024144.json
2025-08-10 02:41:44,255 - scrapbook_main_scraper - INFO - generate_comprehensive_report:279 - === Comprehensive Report Completed ===
2025-08-10 02:41:44,276 - scrapbook_main_scraper - INFO - run_full_scraping_pipeline:350 - Pipeline results saved to pipeline_results_20250810_021736.json
2025-08-10 02:41:44,276 - scrapbook_main_scraper - INFO - run_full_scraping_pipeline:351 - === Full Pipeline Completed Successfully in 1447.42 seconds ===
